<?xml version="1.0" encoding="UTF-8"?>
<!-- Generated by org.testng.reporters.JUnitXMLReporter -->
<testsuite hostname="computer" ignored="0" name="Default test" tests="3" failures="0" timestamp="19 Oct 2017 08:06:30 GMT" time="43.721" errors="0">
  <testcase name="register" time="1.429" classname="testNGPackage.FourthTestNGFile"/>
  <testcase name="support" time="2.308" classname="testNGPackage.FourthTestNGFile"/>
  <testcase name="verifyContactPage" time="0.901" classname="testNGPackage.FourthTestNGFile"/>
</testsuite> <!-- Default test -->
